<?xml version="1.0" encoding="UTF-8"?>
<!-- Generated by org.testng.reporters.JUnitReportReporter -->
<testsuite hostname="Harshits-MacBook-Pro.local" failures="0" tests="1" name="user.UserTests" time="4.068" errors="0" timestamp="02 Jun 2020 13:15:34 GMT" skipped="0">
  <testcase classname="user.UserTests" name="validateUserDataIsCorrect" time="4.068"/>
</testsuite> <!-- user.UserTests -->
