<?xml version="1.0" encoding="UTF-8"?>
<!-- Generated by org.testng.reporters.JUnitReportReporter -->
<testsuite hostname="Harshits-MacBook-Pro.local" failures="0" tests="1" name="user.User" time="2.126" errors="0" timestamp="02 Jun 2020 09:19:10 GMT" skipped="0">
  <testcase classname="user.User" name="getToken" time="2.126"/>
</testsuite> <!-- user.User -->
